[
  '0x0fa11D9d60C102eDF601ee5FA11b84e640541982',
  '0xa1bc9F613297FE6201da0ffe5bF7f086A51CC365',
  '0x8E118bbFfDCC009b1D46423868F7a49F8bcbBFcC',
  '0x9f1842a615a14BCe5723f4C5019D6f67c889B632',
  '0xd973b5Ad311d8d84D90166b17335cACac1263bAB',
  '0x960cC811e5eF36760f5c679AF90e821B10385e04',
  '0x50b13b54C917171a03CEb8216f3990535fC18097',
  '0xB817F347Cc5dC77DabEb45Dc071Dc4cA80b28E16',
  '0x0De156cB2202C682B41D3fbE8b785238ecF3F647',
  '0x0d36dD40FF721aC6E3f40FC3e36A5566609A03F1',
  '0x19Ba3eedA313577888C145a5d7053Df05471b460',
  '0x3f4d0a6654c8365B42DcAa8AA92d9034e2A6141f',
  '0x5dFc833B3E853f3e0d8d7B5BB2d2a66dD2B9d061',
  '0x9e825De7d9f9876B35A2785f50355CCC59F22541',
  '0x4D8BD62C7Cb6769795410C5d1209cc09bfE16C60',
  '0xae5A48E555f5DC7300896B7a12Ac64813BCcad8c',
  '0x41DF0d7108aA67Aa76D8072a91Edc2FDdBc9783a',
  '0xD8b00122B6CC0d44Fb3198fB675635272d516B7F',
  '0xE4c140a67A3A95913a6E2FcFc6d6434d94C07641',
  '0x29a65d830516cca6E694be90d3dE3CC19f620eA6',
  '0x56d53a4402A7b8F4aD027cfb421fF60e865F665b',
  '0x849D046dfb65E7Bd680F5022613c1C8Ae9a52367',
  '0x2E31bD290416f095Db77C56cb2a2CE7ea4511872',
  '0xeEB07faFcb5761394BE481f03F1048aab0deaDC4',
  '0xb90440Ee1FAc3172A630470F4aDcB99d0fEE936D',
  '0xF7e74A9a394226058E14BFc17deafDB76eeBbb25',
  '0x5bFfCD8F4809E29bCAcE4C9c21e0C3b6963eCec1',
  '0xBFf1a2F422274cB7dA1Ada4704F2eB0B55297B84',
  '0x36db7DF1D5A563D6E707ffc976B46Dd4872A8BF0',
  '0x6BF7550BF182b8428e2cf4fC640ED884FF8C7a57',
  '0x9b18e9e9aa3dD35100b385b7035C0B1E44AfcA14',
  '0x83F62a5B0fDd00aC4a73BE13B61Bde29551e7175',
  '0x09E3c4bf50a15225d4087FE089282CB5506DCce6',
  '0x263A13fbe5416661d8ff67C5D98624D1553900ae',
  '0xB3BD192d80fA4f40a1d851E81C9cf196a3A7d632',
  '0x0057BD83a142Da84B6404616C683e21e7Dd6fA5f',
  '0x93AeCdbf7ef234D7A240974293a969e323C376C2',
  '0xa5ecE293c10fa3709303Dd39FF816D51c5D44234',
  '0x05c254989526b621ceD514f5daD9123fE4B803Fd',
  '0x616C9F0Aaa13D3587B9Fe6F513DF62522F7D900C',
  '0xf13E437Fb07141cF53a9486e562B3553E96711Df',
  '0x18376a0E6f2975013D2866407ea4f4e2fF01B510',
  '0xe4126Fd057ab2fC08B6cE2621De4C3bc56464101',
  '0x0c183b19cf8a07bB4319729150b0b3B4841C0866',
  '0xC1196C46559203fe1e3ffE05009fdE59795A6385',
  '0x13B0D26d0703Cd7A13a52E4bfb90a48887e559A6',
  '0x12D7145dcE155f2b586CE1B2DfFd267c69b86385',
  '0x8D339490827b323295DA0A003096e18b0Dd99A2F',
  '0x6339A73610969b50f0B91122bB90E231046b112f',
  '0x6BcFB1F96A3d270F00dEAb39Fd50e78096576113',
  '0x5CfC0Af2db55938B879c5Be94D0cd860Ec2DB029',
  '0x852926150De3854D61319021BD88F239C1Cc4C38',
  '0xb4e8865edE93E5b36CA856788C7C9D7Ad4Fe409D',
  '0xE0e03ba22E14776DC972a50E6CcA5cEEdb3b972C',
  '0x97cD70611075e6eae5d64A9908D6fE2592438C88',
  '0x8Cd4CA0AeD6B915B68e75E3D0854a73bB977979C',
  '0xc2fF8b2Fb8082c811B310cA1c2D5cB235F3059bB',
  '0x8Da2a6295d092efe85A4Dac62F9a6cBC3Ef01b7B',
  '0x6FB3071447c444E51F7b282a76f06F811e21D3EC',
  '0x25e4723F5859952D807ca1339E010c30E06656af',
  '0x7d3a7Ad44bFcFc0962709ECE4c149128717906B8',
  '0xb5EbF7fAC6F40583261758A7347E8EaA41935524',
  '0x668B6724F80591FC5482Aa628017Ee6338898E52',
  '0xB2D5fd7d47f65C2C2Bff2dA608F39E087D60928e',
  '0x3e1A12a6019ee26418F22B656926fE38F5e58C5f',
  '0x489eF5FC27e7BbFa4cfa1C8D5eC197dA3D1BAE54',
  '0x76CeBB65B78987A9291A83dc27f010c2603eC3e5',
  '0xFB2165f4AbEEd496B4EDd3234C4CC09f1557226e',
  '0xe2F3c30B753F71BDBF1258D6e09FD3D2adF549dB',
  '0x0Aead38a4f99f8dAe8944d31EB703B6C7CeC4381',
  '0x8664CedFBFD62980211ACEfcd4919C72237D801B',
  '0x557364BA5DF09db866cB81578D14a91698296f7C',
  '0x324d9A28403839CDEdf36600Fa735520f18Dca64',
  '0x81Fa725f8ceBd030939aB8B649507f733101AE95',
  '0x5B9f0Eef7bfBD54ba21cD7409BBdFEf12136421a',
  '0xBd4718eDcA87EbbBC9F501938b4a7Bb6dd6F8B86',
  '0xB8b7ea41CFA41eE65623C93cC4f9eb68D80bcA13',
  '0x56b64647B164cAb358263Ac6BE9b418f64ec0709',
  '0xd114fE967B1d6A10E21A89868369C1EeD669A560',
  '0xbE5072933fCA2523Ea9b060937c4b784405933dc',
  '0x62Ec589cc2A82816599A7C6f9d145A62D90C17cB',
  '0x2518D25bD229aa6F5EAa344873895528462B8F37',
  '0xfC5b2D51fD03b13bF440eb9e0c7B1D94b1b77BB9',
  '0xE456ff3e321be2675A5aEB56b3623586254C3419',
  '0x1F2b6dCff8b9c35EA8b4dAED42A7772eC1014276',
  '0x3749Ac4c96c9D92DFF122f7822e2Db9dD4cc7D15',
  '0x6a6e0a753C927Cbd77c1cf97820A5AD496B74A16',
  '0x90Ed12c423cEE6a0CCECADB1C87482733bE3eF26',
  '0x9583Ca25eC7770B1d575D0c4C76B79cE257e6645',
  '0x1F1ADCe71f9776cfBFdda7e87500b7c5FFAc4aDe',
  '0x4cF5DB7f72766Df7Fa9495F5afb1e0B4a94c3978',
  '0x28beb6Fd342F7F41c0eBe086F78e43468c7A25C1',
  '0x8Ca60eB7C8D4DE486986335166E1C9f6b3982029',
  '0x0D12E38FFA27f2E676d332c5f3903E302d032408',
  '0x6Ab26A36E97a4D25E7256162c4E5A633b0E65e34',
  '0xf455324F5112F4370d30a36dE2AF8255d61d391C',
  '0x2F595C056e785E13579128DF27cAD2968d034BA4',
  '0x407f9e8c06371b9F2b2fAA4F98c233253d817308',
  '0x5DE853CB6813f9Aefd25635776139d8C0AAaF77A',
  '0x4eB68eCF77639E64C9ED0826978940Fec1BE9F3f',
  '0xb39D022eDF05C31e1981f4F4D8137dDa9C57CFaE',
  '0x2b3CE0006E3d8F7aBadF8b0c3f68aB9cC3BfA49E',
  '0xD2970eeCfc0cdCB8e94b1D05fc825fcC43cA1c53',
  '0x542aF4Dda22Ae22BAE41ea32FAFcfB6aF00D8ac5',
  '0xd48d664965286ddea41e97784d079de981d099B6',
  '0x43f9873FCf56B25F605A45B89169213FF0fC9eC3',
  '0xfEd242184ba67298d7c0E7c228da4512ABcF5e94',
  '0xADb84F68596f9E9ec7b79E15C61c02b7260B118e',
  '0xc6Cda6a69DDc8200Da1140546dF8E830F5e7827E',
  '0x1B99EAc6E12c0080151A897C36eBba0BC7F9e954',
  '0xc4281577011bca3E2464bc43B2E36a64FCB542a1',
  '0xF84B9E57628Da8A8167c0f84C266F70Ec0863510',
  '0x38B0aA025b0A6A134cd6d940Ce37df6978BbA6De',
  '0xefA168D4231b1eD0711260360647DB6281c1EbBb',
  '0xdc4B4C0EC6Bdb30Bf7262D341037103750Ed7Eb5',
  '0xA44dd0CF1de1C461fDE0B7B92C374789B59784C9',
  '0x4326990033eCd87A5444383Cf8c715E696301910',
  '0xF6ba4BfdD94C87224C0d091318EcF1b89b83724d',
  '0x12Fd147E466c6B14270E021C1FF0837149B8b127',
  '0xC846b4532249Ba200a2f40b011aA8A770266baC2',
  '0x811df83148fA178c1Fa9f80B9F07e1DdA5a9c191',
  '0xb43BbA0aFf0c5E633286f29839fF40061a61D846',
  '0x73018f39C3B9652601EA12BD7F42f3F921198C4A',
  '0x949F9848008EAF9B7BF09276852EcF13C8C27f47',
  '0xd164984268bC6e81Ce9a5109C955b96E4edBEE89',
  '0xCcEbE8104A3aa1a440461f5F4f6c38FBdFB30802',
  '0x18A428CE0c31584a21CF8ceFDb8849d8013E1994',
  '0xFDd4186383fafd6bD41d0c59eD84708dfDe004ff',
  '0x6422E2C298a4Ea629Aec041E491C7f55fA39dA41',
  '0xC5232A75366a9b40a616aA606636548db716f038',
  '0x0bc99b862e5545d181Cc7bFA71720712527aCeEe',
  '0x930DaB128EE82C5EAdaC116bd1A7f0618110AAdb',
  '0xb6a960e019E2068084BdD23fbc26593bb1965CD0',
  '0x6C8a70bae601E97F2c885f640D5c35B2A1E805e3',
  '0x8c1fdAc26B39c47F6801C0889aFE516cfdD57b9A',
  '0xd45Ad60Eb8444529e52de6A8eC03d9769ee78149',
  '0xE000adB6f47C7461694Bcb69Bf51BAB8087D819d',
  '0xE7228E5631bFd293288dc8EfD5fc2403E581DE2e',
  '0xb3902CD8318c4648e18dfE6afCE125A331F1A787',
  '0x3B8e502c1cf7027560F318FD21066d3Ca49F52f5',
  '0xd1a0931de7a002D0D47117404BcBB3443faFb618',
  '0x5D0CbF3ABc8701706B36179BcDB0409aA1e44640',
  '0xe646e22E0Fc1b0F49Cd828ACcA2C9AD42F681115',
  '0xdE9BDac8a4EE49907B30e95C35BF9Dd274c1415e',
  '0x580E63816EFC25F4eFFb6cC4386f766bA33DcA2C',
  '0x6629DB6b40057e29d0593D895A350df94DC1e99A',
  '0xc8C3e484dDF92069eb3226dF266C2C262902D835',
  '0x363951773D40a61fa5587A1043EE80586db302D0',
  '0xAE60a8CBC37cfDE7aE14047C95BDCA81AA159ae0',
  '0x3f80528837E792b23777977fA3AA7aD8A3eAb4e7',
  '0xA8213ad427CC7C16cf6248e0653553bC3008A191',
  '0xE520951eD61aCf55B65A3AD251044e14fA61F743',
  '0xa5E1532162ca1948a5D6a1832Fe6CEB8dF323C30',
  '0xdD8E898B37EAF390CF53790f2ea2CABeDac7afA2',
  '0x2916D837B5F3D4E83df9c6DB717356Bd89C6e9A5',
  '0x681099977c323282BB30BE500139B0D9a4F8d9cB',
  '0x51106A29327e9320eAb3B3367B4aA833BCD52501',
  '0xacdD8A3eA69e962CD70c9b32CB4E7184F7863dA1',
  '0x2EFd13e44e4e68d55b9730811FE04B949789cF69',
  '0x980aA416e2d67FC97c671162d8Ae261C105b2043',
  '0xDA615562970f622B1E174B335c9e3B2a96264B14',
  '0xaca3365a1A6DBA0839b3B56219Cf250eBB9F32f1',
  '0xA0837778BC9A735924bcF4C98E64af6e8DE42cf4',
  '0xAc10E326fb497f22BE3bceefBD050e74CBc2e394',
  '0xB6D2e7EfEFce4c13ef98b1A69C0677725B08BabA',
  '0x05c9f9Ea62c3C69dDF7221446d7Dbf4E04b0c408',
  '0x253a1dc6BBad8A62a8e8F7B21214FEa2B78CB77E',
  '0x161619839EBbADa5d3C279E1A79C50F7fc4274D6',
  '0xdE6F17794861E1E13104285Cd2dabFC478BfB679',
  '0xB06e5CE2Fe560FAc1f4C4e7537D60A82d82359E3',
  '0xB6BF464940220C4202CD22674D3D1DA225C9923F',
  '0x85cf22d065b1F686faa6Afa96C2C5Eb7dc257239',
  '0xf07ffbAf4a7999FfFAB3dDB47e7f74364B6Fd578',
  '0x3C4828237769b75b4cA31c77518232FEFEffD0A8',
  '0x21368a0e3410A6253662d7B4562f4B0CDc0D276A',
  '0xa75a382957AB72FC7D8a9C142724Bae99FFab2c3',
  '0x91BA7d1cB45cB17Ddd5526253a0c791e3d413bC5',
  '0xb5cBB2f3B5d3A72a88aF6c3739579A18D5235755',
  '0xBE8C93a8C18AF63aAB449994AFAc13E71240ccC4',
  '0xF4e87A350Ef2E2d7917a229748beFAaA11Ac33c0',
  '0xafD1798233fbCD623EeA576A80d555Fe9c501b45',
  '0xE729E82C62bA98Ee226DbF680803CFB4189DBE30',
  '0xa44e05EdcDd376476f9aB94D8247188f7038C54b',
  '0x7f83b0668cFD2FfCAde1812801106FBD05fA480a',
  '0xe99dc1864b1bea3EFd8b87d5CEc5b7b65ff23379',
  '0x04Be52434EB64aDdF373137310551ac42013677c',
  '0xb996F5f0Be1Dc903d39F0256DF7a47d59EdD5e2f',
  '0x93Ef4743CaD66D1707cf1E98464A11D6970aA399',
  '0x06f65D4A643940d104EB608BF47B64Ace9e4b60C',
  '0x3CEFb79aF1F4126DC679D52f5f7458A25CE74B42',
  '0x3BC78C5FB49F5A50aED564DABea2512B0fAd37E6',
  '0x7Fb3b6d222CE75121D0edD4cE0248EC10b498b3D',
  '0x3785F0272F5e19dD2c27977eC2D91195BB2AF801',
  '0x343Ece916dA848F6Ab5eC7523c29A9c0e9400958',
  '0x6C1fEca12c7F4Ee37346789ee5F2B51966e1dC14',
  '0x04031ff90Daa5CE7fD90BE871933B46889653f99',
  '0xF68500D8Ebc678077A9388Cf0Aa570536613f17C',
  '0x6c00522bd7F6253CD002C02a6bee95c8C775dA45',
  '0x55E86864ddE83bdd7Ef9F0d1F1765ebbec3A7934',
  '0x65a7De07F2Df7564421b3a942cb0699b357B91cE',
  '0xd944633d12e0ECf7e88D6b6248bC192d2e24226d',
  '0x49525c292f006396aA78D3441Ee73ee992ef3183',
  '0x9c04c3186F5471c4E58db47ECFdEeda92C1E8CB2',
  '0x0e905F4AcAbf5914b71d2FdE1427a46dD2a037c5',
  '0x5Fe9a92531Fe648666551a6cBaE2A7b817249c52',
  '0xCe4D4bF74cf639d99C26803F6Dbc0A8054329C16',
  '0x4abE0903Ee68883e693293037973f5926827Eb03',
  '0x5055DefaCe85f86112E31A2b9694E1F0e9e23961',
  '0x664fD1a25ECa57A02cc1d8249dee839b9FD7f755',
  '0x7342e456947e56250d2851FF467fA7743CCd9fbF',
  '0xc4cbf8f4C59570450df297cedD3963b7E1F60652',
  '0xf7c6382Da0A3ee08aD4c201b01E33e122600Ab6f',
  '0x86DF6fB7D87Cad5683a4b148F1E5aFa6cb4633ED',
  '0xD6a090e23033dd1F370fcfc2293C3C2c97B7FbCe',
  '0x0E544457812A698fF051B5fe1859Df6836214BB1',
  '0x219d4Eb4B62972862a6B38D130427aA92eaE1a69',
  '0xa4f4d8b87AF48e72015b8d6446DF79033D41c427',
  '0x79B42A6A7b708ec06eE807E4B77b3d449bF7AFB8',
  '0x7Ad648c1d96D208c09712DDE7791921D3E6DE434',
  '0x711888263273D7e6D2179DDB5B3fea4B41921911',
  '0x8a1CFc56923a2E02B9fEec98A3a4f9F6e3cEad6b',
  '0x2C7ED5966fA687e84d6837Ee2EFb29D2430112f5',
  '0x956290cae406BF01a4047035f1a8975Eed11D1E4',
  '0x56aDe75750B3B0f7629e77869B178e2EDD360F29',
  '0xb054675aDD7062E2a708bA7C211fb0eC1F56B8fA',
  '0x6aE40A6fd30B9e627A1314D2Fadc4ed96D34dbD7',
  '0xdDC570BAFD31c4a3545A3D742b9d022e78a9cB7F',
  '0x8b9470b0c7453544de3D464936153368bBe5eF03',
  '0xEcC3e7E76139274Cc12Cb1f0dE1645732DD67Bf7',
  '0x9f24Aa4aDC816066D71f0d7362f89c6590Dd8e93',
  '0x6af6D4c57b3d48D614ECc52f6C25242783Dec71A',
  '0xCB06551543A48e812D72E00BF88C4eF80a29208e',
  '0x9a1E402D39cb2D49cf23E6767C6458126eA24631',
  '0xe222e11129A5FEfDEBcc0572a10A6dEAcc35E6C0',
  '0xdAf08467BE187fDAD0DB1df64b8cbD20F60AB370',
  '0x70e7F221951441B5fbb5B633927790Be4528Ac08',
  '0x0e7D12Cd0B9d51E79bfCDd72c35f3dFfAe5abd67',
  '0x416669A080eFaa174226b26Bd330A227d3449F1d',
  '0x1083653d83b2e9B147573642540dD80163359129',
  '0x67882422DC2eD49Ca1057727AFB8601568544aB5',
  '0x27643f4e2B35A18BCD55252e88F13039F4F81927',
  '0x0C1633e0BA164a9DEf56d86d7c46afCBe4d28a77',
  '0x517E6E444fb0E565CF07597e8FC692B2C05E8Bda',
  '0x1B21B2D0c32618226f9745340bCAe30AE4B507f3',
  '0x4aC4Ab29F4A87150D89D3fdd5cbC46112606E5e8',
  '0x87Ba6696F9a7bB845b9C45A28F44b1D5A365Fa37',
  '0x726d07eA7b1983f35055bB288Af78E7480bD1242',
  '0x4186C746D04cB987b795822d50ba6713851d1D2d',
  '0x621bc3df852E42e04196bc150D5ae92Dc11D4d8E',
  '0x72Bf07f4A11E9657f56250B560Be11A63cA16757',
  '0x1D932E6489B5e4091eE078db497799237b354191',
  '0x1279249174eC07a2Cb3f057bDc43414106183d4c',
  '0xb7338951d8aaF32Ec72E72Aff962AA0Ee315CC6B',
  '0x3b5569A21010a908eA9aCaCCfa9a21dB41292b43',
  '0xCba9CCD786d6361d73f7105Afa7c5556A883966e',
  '0x4a60A526c642ce63cf3Af8ff68b3f5F222611fBe',
  '0x4a2Dd4b190B6Dee6939709278b659eD5Ffcb9d92',
  '0x9062A96B9E947b2b57283e705c97B871f5eB6561',
  '0x65C13724928ea0AfA68e09c7b70449bB8f6f3Fc8',
  '0xf1Fa3853CbaAbdB71374D4A3CA9A8cb6ef6D7Cd1',
  '0xa06ea9cc58D0d50C033A1b55F1399fb6909b65AF',
  '0xa2676434160DF812594D53A51a63A46981411C2A',
  '0xB2c83d839a4584BC89ba7E82bCe20Fa4031b1a88',
  '0x26D03EE5591b3999Ef2DF9E01E5FE7a81f3a9E8a',
  '0xA4138f4f5ed55CFD883BF255BB7a99Df824f3159',
  '0x8DF5d18F91333F5591E9331b460d5e501C43B4b3',
  '0x765CE21d34164B4ef7B362c3835f60a711b5F554',
  '0x571061B1BFF2bc8f0967f5eDbafEFFf36c932CDB',
  '0x3aF9b992EA26c43f4f3B019A3c5c7FE4E059AF25',
  '0xFF79Ad62D19066E43B99eEd19f94E11b0E0B5688',
  '0x85d1B4acED9027D8E714874Ce4CD9017E3Bb1C32',
  '0xb731eF1D26227e1EdF48F9833E6B48EB11154917',
  '0x077C5d343e226E7e152246780be2BCa2AF91631e',
  '0x7B15A0A2bCB856c3BD5DCfA8798Eb29D5852D74d',
  '0x35e939c53B208CCec114c6b92f6d754b023dff4D',
  '0x9325EAfe32Eba5AA10787143Ea5bC3438A7F6d2B',
  '0xDe5701C91E479888878f9AEbf1DeCc0B10D88cB5',
  '0x2b062DDA0681233672aEFbB41710865a0afcA630',
  '0xF9f2Abcc9df889794b60f0791A784F5a97d32920',
  '0xBCd9FDc648F1134ba00d0d8070b77F296C94Dc1e',
  '0xFF78baD7F3FEfbf552a2978E1455D0126dA9BA76',
  '0x43cF6d975661F0ee3b4536A79C4B5b99E4f385b9',
  '0x446a3E8DEa79f232EBf35010B39578C30c8E7f94',
  '0x64bbBeC4730BfD30Fc7476a0b353f49B108B44f2',
  '0x4B11F86a69ed65E8e2266d936c55dC66f43dA055',
  '0x4557144F54Bc5D129a875a532C21Db18481900EE',
  '0xbd0eC71B9aDA90ac6C1428cAfd45fe2fCA367665',
  '0xCF43e9A2F9ED4810de89aE08d88445D8CcF63aB1',
  '0x138732Bd8109847f5CB02541ECB17d24b1e9ff6E',
  '0x26199b5dD7637D8dDd76fcfe31ec1EaDEe25e275',
  '0x1ccceDE48295654B7e48333b47f54d24C4d612D9',
  '0x6E2a2acC7253d38e0891F439a9815bEd3771E305',
  '0xFFDBc1819236431F91367c360fB184e35BF87f9f',
  '0x55A67298aD97162136ba3F4dEbc5a84857cdb2Eb',
  '0x451248229712D6F207ff9466d8D3A33CB59d103c',
  '0xE76a6619581dD7122Bc127a6F018BA035B182AAA',
  '0xC4A6312A5d5af3C03D546fA287fA1F883b3DB749',
  '0x3D0BB03c7CbB0Caf3B10dD152bEA10afE2852181',
  '0xd24c941f5Edbe451395544658c0dF6dF056c6aD0',
  '0x26E16d39C35db596F3bCc0C4a681A4B695E03AA0',
  '0x79d25167E16cA3f9925037CD7a1B3bA4F6e98AA1',
  '0xb46A2Fd67e275B1dbb1F6c1B55C26ECc3AFF1AA2',
  '0x93803d334edFF050EB333F0337Ac0E728932bAA3',
  '0x91690be5446EC084f22fB2bd542B3d58e98aBAA4',
  '0x6C9228B29795802374855Eb8be3A086AA11a5AA5',
  '0xb0D8f67600b6DaEE83d7BdfBFe0091098a545AA6',
  '0x26945aD8bf9671c175776371A071a7D9c2d42AA7',
  '0x435AEdDda07F2e0E40E75c940d2d8c88af30FAA8',
  '0x86364F69723ED131b89d2e28c6457E02Ad0D8AA9',
  '0x77D63A93C90a9860AB07eE6BC7bc5BecAD1CBfDe',
  '0x45E89079Fa328095804e37f9CccEc43780326c3B',
  '0xD5C196b5b67e624738D85AB5A98534e68FD2C88E',
  '0x53baD4E06b7b0244927BB03d43F3171C4b0349BE',
  '0x62c3852419a71d70Ff05fDEF83CDdABde533b3e4',
  '0x6D6ed67479D02d63A4A0F111A6D76fF93Bb2D23D',
  '0x9CCB89c59E0040Fe96814D02832Ed6533cBADA55',
  '0xCAAf10244E0F891a2C4f066F3d137914b47F1DCe',
  '0xf331f8Cbcd9100292258D2a1986A4a2e7435e453',
  '0x639FaD44e324329a726cc1845A4B7f3AB2ac1DAb',
  '0xaaD610d7afD65890784549761A45B76150E8Fad5',
  '0xaec80B4fbE227198720b1d1B82a12968bAA0B144',
  '0x83F097475C0d5feaAeA43cD42781D4313611A0d9',
  '0x03F182ec7474877EC8d830a5Fcb804FD132755c1',
  '0x687670E9C58526D673aa22d6aB355d952819aFDF',
  '0xc6D15113E2FC44064e2CE8dF7A5c38e01ad6bcd5',
  '0x20D236B1800f2B597Cd64D920b71D36b87991f30',
  '0xE2551950F53e519D8f2CFf42a3b418082827CC3d',
  '0x9f5Aa14327fB4b61F6F7f1B205501fD1A66bc183',
  '0xA24db1Dc8CE36C960BC4517d4B1eB3f3e7c10FFF',
  '0x2B8655383305d07DFd0dA40459a9DaD61e9918aF',
  '0xf89be918c3d9989DD1e454bd21E1fc3aFb7E6EEB',
  '0x26260b28Ce15a5Aae6C61283693F6C677Db05953',
  '0x708D15d6B33B588a38FC9a822EA52B4A4c0f2894',
  '0x8C59eB7f0fF13fE71E916b5A1039bCa73B0C0021',
  '0x0705b3f95211B829aFEC43e3Dd3bb8BD4aCEca20',
  '0x4b554240D58a9D75326F8031B7087903034E66FC',
  '0x2322d8B17a25248179282F6a1A18e208cd0ECcf1',
  '0xA3176cdB52Dd85290E72B2c486Cf6149ab38Fd32',
  '0x219C59a99fb5134Db62382f3CB3A88C0c15B6ef2',
  '0xC749a02A123CA69d2E872b3B33b1c75e9aDD513F',
  '0x59512422AF0709c7CaB8285838975Cd8D7C7CE7d',
  '0x97281D9da948509A271D84d11FBCF0377b130515',
  '0x2c417fefaa43153b1E160AddA6f6f0C4399841cb',
  '0x2350874A7FCc31dfFfA8B5ceA6E85f4b90D4E28C',
  '0xc1eF94C5a6De970Ce6Fb1f4C28af352bA046A63B',
  '0xCa4Fe3B7150F5E0Dc77CF920f4d577E31e854552',
  '0x400152bC8Eb5abF2b4685B9B05B98C202C8539d2',
  '0xF3062faAA61CD4Ee6E8705135A3Bc6419CD766B2',
  '0x993192a774609176f59325E9C0aFd0641917D0DB',
  '0xC307c55d8038265FB9337Cfc4bF36B874289482b',
  '0x508f1b6C5eb1e0F9d48795C848d87288BaE13a46',
  '0x83AE2B590E4c1702eb734437188CCb9800Ff9cbe',
  '0xcB898504e45710Eb33948f961030192aFDAd1811',
  '0x32eD0c6b445a0e5c413Dc583106583E19Ee39dBB',
  '0xfC97910E9200189265D759d80f25c4f0C691330d',
  '0xF7dC9A8f66701dcf91808f00d356249b351eF4CF',
  '0xfEA310e868466201E881866e75232e1Bc2B86E0c',
  '0x94f7c3b5dB467E32079D8aFF166D1A5C19c97a6a',
  '0x559F046932523496A9e8A22372121936706F5633',
  '0x9a69598EE328149Fb6e36c28639f5e00eFF363c9',
  '0xe01Ac109D51C4D30aACabB2CbbF7dD0dDEfE07A0',
  '0x7dC005B44859EF5e1C66F99138Acc57796bd5B42',
  '0xe80088863766AEE6d80E2Ff6C85A9187F6dd85a6',
  '0xd190071695De93377D8abd1E5a9dCB0e7c162cbA',
  '0x3587dB7daB8eed84962bB5F7A52AB875FD20aa46',
  '0xa603da977F4DA790D8f3d0fF42DB79caCC6F6960',
  '0x6131B31607DC3e26fC28e46FA21B958C2b2B215E',
  '0xf17a0F334D43e343347335b0Fd673795617E9f1D',
  '0xB9B6CEc863aEA619be2e1f2739E57854ff3F9d8b',
  '0x6f25320321E0FCc6CefEA38c8504F127812eF7aD',
  '0x4ebE8ddDBEaC2deA6dfBB77d48A4d84C96D2DCF1',
  '0xBF314e9A96E1EA7a9eDBB93F0c50b50E4d348c14',
  '0x5a154e29580fDdc7f22241eb72066bC25b405044',
  '0x0Ad979278f3b5b6576620F48161355c4D5E0766A',
  '0x6083acA8248Cf7F399033DF396809bf72d0B581c',
  '0xd10deb645552c338Ef122b0D73bc0eB694Cd29D1',
  '0xD0B744A3CEE6C07814a889ecd4ebb3dA1D4252D1',
  '0x42f7061ee77094E31F5aC69E6F76D8054bB7495F',
  '0x827c09e905C42a1cf30164d3fAb36fbE777e6fC4',
  '0xfbb86b509a1f6B8F94Ed8A40B880Ca4272c96506',
  '0x253c65Df365F451cAf756f224DD124277A959430',
  '0xFd3719bef669f5CeBBDA47B69E7814CF413e9517',
  '0xEeBCfeF507D6109D87689811F5d85d89D30caE76',
  '0x8c0d5Cf17365Df315b8d334eB5552Be9F7Ff3978',
  '0x66342CDb636aba7b1CcC2F95EFABbC7bA3B1947D',
  '0x6049c0e5C4ef4463dba8B80B6515195F7462C65E',
  '0x5406a48f5de499c08BfB8939A3B9e66c1957d72B',
  '0x8D79069A3642D044330F065e2688639C226C2289',
  '0x23B97Fb0301883863bBBd8238D11fd51e95e7315',
  '0x1B30c84e244361a99Be770Acd57ACE184983c83d',
  '0xddF8eB9ABE01C6bAF5f1308A3173A69F95FA6cE2',
  '0x525c62A424c35bBDAFD8830C04e1867b6625Dba1',
  '0x984683042ddb484e074117DC7C7F367De1d11e98',
  '0xba540Bb14101cBd4170DF90408C0B9EC6c86273c',
  '0xc9f52c0d4b3b4A35ba507d3AB99A1df0479018f7',
  '0xC33e3272D29d0cD5A7371a3114080FFdC333E892',
  '0xB346d2E0685eBaC08Ed05Ce998622Fb523dA3245',
  '0xE2f9E2d5A58580bF1d695C0357ffFfc33C01b1d5',
  '0xB3d3C522A44A39DAdf9CBd649cB5F3D85b63F691',
  '0x329f4435E0F22899b733756c71AA12C1004146B1',
  '0xc1C47C47c0cB4E6E4E6Cba1DE405fe8B06b8E564',
  '0xb44e639dcA7d7A0F0bCe135599EdAa9f1FbBbD6a',
  '0xeFC05B0D0C8bE8D4Cb3a220ef582E9f7E6FBCd00',
  '0x77F7F8c188b3590FFA6426536b199fd84416D667',
  '0xD23Cca1d288eADED8667a7d4765D0033641F4C60',
  '0x4ce7D126DCB606008A711B46c2d8DF50D88e4244',
  '0x3E3F22da9a50D22694c452c5Ec39B907524373b8',
  '0x06a6Aa05760613Ae19c73E66c545aB9d9Bb3f447',
  '0x1c0eC596303Ce6666f5a4D24c29e78Cf881cb5d3',
  '0x6A9ee69B6781C18164ee9F7C58f1763BcFfC7c51',
  '0x17dC32FAa91b1211b2E991f08b8Df4b6D4780BbA',
  '0xa2AB20E4aA2Cfc44231161C005cBF6fD68BF56a9',
  '0xc2552747697ad2eea67Dd75E10F7933A62cEb64C',
  '0x53dc3204f2f294f6A5649a36AC295f74A0dB92e0',
  '0xB1D8AF0C0ef6AbC24f6642263A4CF15349c69310',
  '0x4496c474a0768384841EBc0aae87BeAeab7261a6',
  '0xa748BA1119Fbd1D5077D7504552e53da969428cb',
  '0x6731A657be913360C013edaBEf254Ee809bED8b4',
  '0x86A26f13733800d8f24Ad62cF8c9B90ff365b46F',
  '0xa2E0225B258Fd766a976B9c7abCaC07e847932A7',
  '0x171A866F97Cf9be747e51112C59b6725dE6dfb36',
  '0x2f4ec53D8d04186Eb17C8231a7b2Df17457d0c35',
  '0x5F18163B7e591F919a8CF2d6Cd1BA98AED655184',
  '0x3d0ee9Ca1558b04E05CA80c0146Ae69c22E0a8DD',
  '0x3A42C2168174ec82c6FD49eA33534861471B11a8',
  '0x9C2c3b36FbCE13eFB602750eF3403291824fa338',
  '0x8F771a8E8BA888F2b06cC75747eE59FA9F7613E9',
  '0xAEE3990D12F75Eeba71E05861D1AA7244A5BB5F5',
  '0x107cd74419DfC9FF01975e652597c5a4b6706460',
  '0xE8Ec805d1A7A24930C20D10b4Aa516ac5fcF617a',
  '0xEB4872B4c995f6613077090438EaE69CfEFF142f',
  '0xcA2dead8B1EEE1B6809169a982eef01ABcE24078',
  '0x00A0E299241C264209B52ECE9649Ed577F077853',
  '0xA7AfC2C6e37D88D6D7464Ee0a48ec540024980DB',
  '0x72b3DAf411912561836DeA10e2Efebd6F81ec209',
  '0x108C07764a22DFCfFD08F0EB1a74e12F57002809',
  '0xC9E3D84E62cC145fF76Fd90859CBd46b5C665941',
  '0xa406350e53C905c881Aa346cF14c703A52A9B593',
  '0x8eAa72fe26Ab8e42e41C950887F61E85e490911c',
  '0x788A8A180F27f86B2148fbD7836ee6F0794D9296',
  '0x5Fb811A8BbCAF5F9D9b503EE045e25aD7E3D90f4',
  '0xa6cf43fE0B47D5Da8f03258B37F1cAf148955019',
  '0x17316883E44d24A2913F487A0c3d1054c5063d69',
  '0xBd1eA07bcc208715e099588adD684eD78F3FF3ed',
  '0x56Cfe1cf80A5d2505900b905F88112DC3c7e5a82',
  '0x9254Dc142566bBdefA0D44411D67cC47d3cE41Bf',
  '0xfF659F9c29D69A078f0D868cEb18e9c6E7d8F4Fe',
  '0x894D0097B2c0cD0695F0fb0E3Aad14Ece1E0E142',
  '0x40a93D2ed2ACd4E48c2de8a3f8E839fEda2384fB',
  '0x2F854d94E20EC243cB05e2b1F8e6E9Da45a50f5F',
  '0xBC0A24a17CaEd0DBca77e564159c188C7aaaCab7',
  '0x90B7903F465600923CE2A18c0aA222bA79784b6A',
  '0x87084347AeBADc626e8569E0D386928dade2ba09',
  '0xe1Da425d1880D3243f9Dfd3c9C2C3f09E73ACd6d',
  '0x896aEa93ae29147E810059C75390EF4BbbEEbe29',
  '0xe9bD415d5d543B5d4FE12Ac2Baa52cD9ca026F46',
  '0xF3551c1d8AC61569E482ABc05EefAE4ccCEF32C1',
  '0xDCa30c99B25188e3449B4e28B5D96f689ca64005',
  '0xF0CBf1B2D0888E744005f5d603a03a5c4aDc31C3',
  '0x84380DebaC404Cdb4B60CEAE345c0CbCa36a4C11',
  '0x138308323652eDd886A1418A80ee5e74A1bc1503',
  '0xd40bf250ac782434155b93d91DE08236f50460a6',
  '0x697D13930A51A7a9DedE42e48FCB0b7043918917',
  '0xfC744e67dC1D3eF15E014C13Ab3D86fE3D2e18ae',
  '0xefc2d75947Db60f1F3C5E6a87D60E5263a70dBA4',
  '0x24AD53649Ac401138E31Cdc893cbE86073117be6',
  '0xf7AF0b2277a6cAa0D8a3A1B1eA21F5C6E13dCA74',
  '0xe4a050f884187169444Ae33Dd0Cc557146437D79',
  '0x2ffe1CebBD2e6934f1A9e2BC4A0940d8c78cFf6D',
  '0xf67336E671f1588d71c8f1e50a79c2715717E07a',
  '0x4fE6B9C2f4F42Cc96ac38d7e7404A876E18879d5',
  '0x4614267ee9e61ed08b91607F90aB9553eba2A559',
  '0x06b428B209824e712857Ae2bc6bA84c3D59553E9',
  '0xF422CF49Eb49D93ad6952db28117849BCf44024D',
  '0x7aadB669c2fBf10bc0401bF69767A6C8dc767c63',
  '0x71B5C30C3dd69A8b8eD7A5FA7952Bd305F19B5B3',
  '0xc7094fce0476b224A99e9186D6757022Bc989245',
  '0x18b1723c329cE96c001DCa22Af175778476F87ca',
  '0x098beDe5133f6da3D3D8fADc046d26980cc1eC50',
  '0xe74d20083455d354708D67d8CcE31871E0a425F2',
  '0x5E927d6d547254dcFaB48C18B2314757ab931150',
  '0xbF45dd1bCa8067769494B935C69763ca29de85a0',
  '0x2B2Ba7547FEa61596f0124176D68B959C891CB38',
  '0x852D31705ce7221c9a5d573A66B349cBc8F3D028',
  '0x0AB89d33Cc455105c56A6E9381BdE16e0d6D9e40',
  '0x4c2A9100097DE6c2E12D576D72C195A1D74C1ee0',
  '0x8a9aecB126b8afaC9bDCA66d9E6Dbd505a261cA6',
  '0x98a7102f7D63942228989ecEE116ee5FAbdA0B9D',
  '0x6C74BE8d04fA2243eCDEc2A28253719d5710bC81',
  '0xfd645ae7FF27585A9A526CA27731271C8Cf8EA5c',
  '0x213AC2921ce9374803a08dFe64ED6192854EcccC',
  '0x1538aA7A66116Fb17e791CE223650A3be0D5368E',
  '0x95F3daDAa5C781dE9AA453830d4e689D57937f82',
  '0x8328924fd5b47Dac53931BdC1bafDdA391f019E1',
  '0x415FCE36e2Dc12421F20b93DbaD1dd68bd2F6db6',
  '0xA96830c6b0C297c6627bC81eEe51cCC373A2Aff1',
  '0x4B6aAbF108B1581e5CC02d954fB91394C98881fe',
  '0xA580bCeaE4d6f91Cab521c816a3Aa1115Ff16762',
  '0x5af27e3663C17e1b641D2698a1270A1FC7A20C59',
  '0x5CDBF2f8280959358b08c61c59c813021B8b5697',
  '0xF9E5B652bEae776dD717E5D2453CA1770a4f2C04',
  '0x034e1f7A66b582B68E511B325ED0cCB71bb4bc12',
  '0xdF5feE5A0420b7b9c288B88E4efa133BF2AF480a',
  '0x2e5B27A6eE216c90f6F42bfeAdd7Cd25888e5be3',
  '0xd09924A6FadB919c884Ca69c284e63E0c94C9DD6',
  '0xb634eb031955130D3191cb734F9f774D3dFb93ea',
  '0x90F659686262A2149dfEB4B6eF88Edc8Fcc4e05A',
  '0x426874a11E30F6A9eFCA3715A84d3B5142Fce4BB',
  '0x62412d4b63f296E0C87451D90e5b610A3244984F',
  '0x111C36a714282706208ebBe6E353C1a27e86F047',
  '0xfe9F4e4Fc884fBAb008947c09c6BD7ECaB1D9510',
  '0x95A32D9E373a3622C56cfe14c9F4039B5a0eAc51',
  '0x394C82976a57c4309138c072149Ee57Aea16560b',
  '0x3B5F199EFDd46C53a767860EC438f406695e5799',
  '0xBA1Cad8e212e79cD1B4298abe09EB6b44384fFA2',
  '0x63fE428E1254665b799825Ad82b66F54130f700A',
  '0x31b6F2771E2E56aa754B319b7eE8134d9bD66Cc0',
  '0xEd534F3F4CDF9df19C3082189964E5e8D162D862',
  '0xc8033F11A077694f82De5949BC6cf74efbCB241a',
  '0xA3EA3d64A05B91A08D0B04fCCc4c8D8787F38Cee',
  '0x1d8BA67D23349ec047c67BA594F626737F245F0c',
  '0xb05Be1C90d5eE13b3C9268E30Bf507D9F9a901DE',
  '0xf70187689247683018200780Fd1418fb3De20D67',
  '0x95ED91E587F17A311CD216C704A2CBd06CFf085a',
  '0x195F57B3Ab6698e54a2AfD1324fb3a3F9C76Ff35',
  '0x2dA7c7054362f8704f7339d2B78598f48ED06252',
  '0xcCe76ffDc7C7c643e0Dc54B89e4117dC83dEd29F',
  '0xEC8AFF769B4995a5dB62C26212Ca612f0914Af2f',
  '0x9a44142F331C39b610C351d4288cCf2dB8F0E919',
  '0x880DD3c3B9d1bFCc2667C8a613Efc19c0Da14d68',
  '0xe876380454F0f501021f38CC82CE545710812d0a',
  '0x617C716cd4eeF3D20d5a0CACAC9518647Bb19173',
  '0x41B5E94afE65DA9B842f35386f5BbA776652Ce96',
  '0xA18dBeC3374a7C86Cb1e27D9474c2908EF407C62',
  '0x60325dd8b716dDb7A3405d17cCB659CE8ba9F2c3',
  '0x7520316cf39B69322Bee5c073EDa7c05fAf5FC4C',
  '0xEbB166E1E8c3b4e9c51E4463Cbf5C59A5899DAB8',
  '0x1aaF5e41c2c73617bc120097547A3410CaF6718A',
  '0x9cDB491354086AB189Dbb17360C33970B7298d3f',
  '0x9eDBa74460Ad6B40b40809B2228982C56e3E890b',
  '0x92Db7E8d9B281c9470749a83eeB51DE21Ff6DDe6',
  '0x2f59a307319B52C0928e679aC625Cf7D3C883d36',
  '0x9f572Ac4a20Eb83B067CF9Fb8D4452041A302ACB',
  '0x405e7329594fB2778aA8628eDf5ec9712F1F9a79',
  '0xc94dc73a2677E012FB6260c680CE5344E3AEAaB8',
  '0xfcD178d3614f131c5bD20CdA00c9bf792D458760',
  '0x9c3a989a11Ba324DaF9793049a4969024aba1584',
  '0x979A52BC5d52522f440B8b20C74b1Af9Fcb547B8',
  '0x6BE27F6F4c3Ec75a3e5866Ac4f877D5EA9Ac363d',
  '0x59fe8ddFd894F0D8b041f18c49848d861005013f',
  '0x3e98b3623592b52EB2Ddcf36A4cE9A9d48dF57eF',
  '0xd09d3D77dE3b0ad3e47020D08ed6fA18d2127e3d',
  '0xDd16f14AA9226E7ECC456f8b52427F92EB7B84ee',
  '0xB435e80F07179bE24d79844348f0737e2C751b5c',
  '0x1ED66C33A46D57172e675A5B0e2207A1cC0db018',
  '0x2b7D141a63EbaB9eE78dfb312874859933033895',
  '0x710F5bECa5b187d25b8047D6b653972FA664E5B9',
  '0x4D124376a55ea99faDBda72279316f09806f0A50',
  '0x2eE8F16F2b0926e32328909F5483bE799D4d7436',
  '0x09EEB474E90c00e5ba1c9E1581749ccB40FB8c77',
  '0xB2c8bb4BF53b34Fdb55795Ba5DAC0598Dea37819',
  '0xC84AF1700AFB8D501dd321E3f1B0302bfc1dD974',
  '0xC897925222BE6c25a1569E18D2ff0558ae616db0',
  '0xbc21CFD3A06443E202388632AAF9d9AC185c7e2E',
  '0x0BD55D236EeCbDaf01d2c79253DA0AEb3488aF02',
  '0x205c211A68E0b8C1a97D61b0B09099231b3C160D',
  '0x89dB10868FcA68b529D55620d0E88AB4bf519f95',
  '0xB223A6A0b9A4877429F984243c904325AAEd59D7',
  '0x5bA44CFC6672522E2C560830bf87024604DbCdF8',
  '0xE6388E11B9B27e9A0D48e7dE6ed8314fbF14074f',
  '0xD925cBBC53f8d70a05eBA2f7Abf4EB35D95f5180',
  '0xbF5C8925cCdbE4Ff933a739e51DcDd74FDd78d32',
  '0x6bd189beA9B732A0587917FB3DfC5FE93585dede',
  '0xb23F8768F3A6a0d8B6e67D037213F9A19130E273',
  '0xE011dF1d6Eb9e98dE0Fa5E4824c4A48dB1Cef519',
  '0x00622116402F303f22D38F3ec202774F183f6468',
  '0x6EbD7e1bB5dB5Aa2930B0FfdCA3d31aC9df94CE6',
  '0xa43b7588f44B06F3939f6c8806fBF77dBf5ED7Af',
  '0x6AEea1AEe1559640B066fd2B49933987a4267f5F',
  '0xEb1f276fd47635a473bb1D2C8047c423Da6f5116',
  '0x9933E62Bcada6EFB795d77A914a311A49503658e',
  '0x4141F89a6e72213D993b25524003740bf795976C',
  '0x887Bdd65c4C253A2F176Fa091B558a20eD2a66C2',
  '0x7AB19aB563eC3e0aa8f2E283513286a58D3A4aE0',
  '0x9fce87d1F0c6eC7831b89f14041F43498730454E',
  '0xC598C3E58f824079e1Fbfa25A3BD71d42807E84E',
  '0x3c85828022aADB9f2F04788550F8130cc5241398',
  '0xd77c3b66CBF9d94F2d00c8e8310e027aBbbf175f',
  '0xe60D9c72c5eC15136B942525407d07527f2DF2B7',
  '0x9D8c00B16906A78943C66f1F976A98E4e7a36909',
  '0xbE93d14C5dEFb8F41aF8FB092F58e3C71C712b85',
  '0x9803186B0DCD7833F1d24739C27e84063f7e891A',
  '0xbfb9dE8eDeA96A68832404910D548F58b9F998b1',
  '0xB1546001b79B56Fdb5c4FE0C3bea6AF2fD0359e1',
  '0xE9cc72a95988CF04086cFc649Bd1C7c841C5DD60',
  '0xE347d593D62be9D012448F9F7adf6e24954267d5',
  '0x1c85d6Ae1336D0e4E3F165bbfA9641bfA04CeDb1',
  '0x8818cb8498096FCc2c7cfE397Bf6964AEF7d2754',
  '0x8e79fF45fd024a2aD350ae6d4e0AFE12D92C129c',
  '0xB323147DB221A25d1dEa1fe689b302A06e1219E3',
  '0x67759Ab4d897093DEB1c036E74824dF0F75FdfE4',
  '0x8AE0E37599fEE51fA8080d9a1d1DE6aE2c1D7F46',
  '0xEcC8aAbfCBa984dAaDeF145C61265C622c239136',
  '0xf86aBbF5972706F5F444598F238237D109Efc154',
  '0x56F1e298002b2405759840d4b823dAF2dBDD74e6',
  '0x14E2Db3B0cFFC333fCC2B6522365af893fb38161',
  '0xe5557fb2e22a0aB88226b7EDaA4A8cF7E1c0D229',
  '0xf318A2F77816c166181597E53ec95773c7d70262',
  '0x6b73F2b5ddf22A3E190893BBD83e2f0A882a7DaC',
  '0x94f69c258cD251bcB77DBb6156DA13E32dCb8Ef4',
  '0x2E296866572552471F042af6edEED856EC38B871',
  '0x143E5867163967Fb0032F0F20D63C824D7C2f3de',
  '0x12eE827aE3B9390560eec8d6ac1685d8DF99FAF4',
  '0x5d86327428d755f9F6a8b575714c0517B88C2c3a',
  '0xe68207992794c11051F79FAb439ABcc1a15E3950',
  '0x10AFed8ca88beAC9ef7CC75b386caac1CDB1a201',
  '0x49e2a5Af17fb2b37a0FF460217dC7A9FF4F34f90',
  '0x5DBd467fed615a72Ef9aBD63f969Fe4856F0C9d6',
  '0xE5943F4a7D4f58846c9a9cdE76080Ed89766a2f1',
  '0xe24632B78e59C8860f3CA680C2F62843752cdD26',
  '0x0911a8b63Fb80FCF7818db304BC4c475ADC0b309',
  '0x872A88CcD04Dc4F7ecebECB89a71A78C42B43Fac',
  '0x730032E237Da98b513203477FAe4fa3B9b34836C',
  '0x75627E9Cd1af20F0cAc03d127fBD0653d906c3B6',
  '0xf772Db956FFb322654b56839899C7F67125cf3f5',
  '0xc96b54890f172986F8EdC7AEC6E8C09a53760526',
  '0x3a7610108bE857DF76B1913Ea8FB02Be38891809',
  '0x88A272392Fdc5180BF7d20B77Cb53BEa57E0f580',
  '0xa9b5Da22440DEDd72535EC0525582Ca0B63bE5E1',
  '0x3f46d5c350959361d9CFE71C03dDb3caa3CC93B4',
  '0x0235DB3d9De8F976044e67EB464B18B2f0fd4894',
  '0x8E3474526d9018d45e6DB3Fc174Cf9E376b53CFe',
  '0x14e420926f1383331ca099bE86Fb04dcF177961f',
  '0xEccC484DD4093F62fC24c4725800013FBc2C1D15',
  '0xB6d3f44d325C35e8434BF389eFD9eE83B19dED54',
  '0xb34e7e91D2E6E9D130AC3B51812F189Cb4b12ae2',
  '0xf300628919F80Ed9cc0db74793788c0e1310B629',
  '0x617e93b6b3F4cD57554267a600fc5ac47fEA2A96',
  '0x2D95dBb39487827c5493D5da38015bAE1B968Fe2',
  '0x55521EDD8dd97d597ca5e6a2590e29eea205a8a8',
  '0x45D432c90322D5d83372A2967073F79c5a96b196',
  '0x5cab540166A81F72AE8D89739a041C20007FC272',
  '0x5F8Cd6abcb92A521F756d3e1940aA424453e7287',
  '0xDf9f3a6490F84a8717a5C84fBa5dd5dF1429380F',
  '0xD7788Aa49587bef3e2b9605ca666B5Ca2Fd31b59',
  '0xe7e95538F565F1843eb0a4c29672C5435FafC24C',
  '0xbF873e22Cc4a3156163693FDc45A18C3Fc434aa7',
  '0x538245eb114c87fdceB51df161F048EC1656926b',
  '0xc3Dc7f0D84e447C27Ee2FA17b1a3ecBD3BFAeb51',
  '0xbe252Ed345E7859b3F7bBDb97f6604980b8B3432',
  '0x9A76F28CEf5D14767575843974a924BBC25F2088',
  '0x38C8bBF5cCa496BC15b19B5a4e7aAE64613D1312',
  '0xE918cf93d420E5D593A825c01D253FBcB12D88aA',
  '0xbA20e50aAFE9Aab7FAD58A37099A6c16282F7133',
  '0xa645b0571797a3c8Cc87A8B977d843A185428C3f',
  '0xADD66B3245106A458D14CC8b9a7a7BDd0Ac98C3f',
  '0x7b5EA4B715BeEc583876B703f14157fB941e1904',
  '0xf2C4Ce0B2Fdf329B969E9D7A2B5b12AB9f08d21e',
  '0xc4780f3c277aaD2106aD0e6cdAf027EB4c7B5d15',
  '0xd4A96CDe701BeC80F26913AF8A9ce35610b73470',
  '0xEdF3B7578a521D5939D8d508E0706Ad88fe55Baf',
  '0xE6D4f8876e2A6BE510eaAFbf4B6c16Bfb786EF20',
  '0x74cDc95820849E81e935851F81B7d4fB62Cc98b5',
  '0x313ff40b3b90ed90D0DAc823033d3baC67151B02',
  '0xF45605e25C2494896f3e19A6D1bc59724c63BA26',
  '0xA0F47050DBB0fFC30ee8f66f0E65355F904a7533',
  '0x8c145Bf93017D4fccd9fE7461Ac4D6505e6CaF60',
  '0x4260b4a3AFb99411ccD7f32A31062Ac0DE75132C',
  '0x896dB7C827E6Dc3635F659DAE77cD04b8D6cd5E3',
  '0x83068dcFb9D495FFc1AA44e0248cDC7f4B9957Fe',
  '0x4C0ec032D64f5560B1EE96bD342A0DEf72BFED61',
  '0x60b85b6fe5Ac8B9547B8092FD61E8F44bDcc67Fb',
  '0x90E0D1653cd4828D0E73C29Fd64B7A316dC49318',
  '0x46877E14D4ed3FA7E8b43Bf6e538b577DBeE0143',
  '0x0709758056377647D7212730D888862E77becd69',
  '0x64763309212982A769Df4d3966b4DdfF5E1b219E',
  '0xa0fC190A3eDdD20BD8a514fBc2129562D4Fe2e8f',
  '0x7C9c864AD7E9B90CF45f2DB419A6a1efe3026576',
  '0x1aC5d648599B9767b1a1bd13eB8BF082B4C157c2',
  '0x2111d1e88945e9930D8763E20b33C5bBB463b078',
  '0x62bC9648389f6E4af7007AAabB9859015067Eab6',
  '0x0F28FA701EdA5Db150F2C6ccfA220E75cD839Efe',
  '0x040d4205B3b23151c5DF8076c15Ce830332b97fd',
  '0x9Da775343D9C9847b35A3111A8956a95E4Be6Ba6',
  '0x1Bfb9FB63d45F7d50520E0A3059504013cdfE8Fd',
  '0x9Ad3DC55B0873c65361521c20388D51A7F150A64',
  '0xD4437A5e053a011B6AECef4Efea5a4f15d1b400D',
  '0xe8bB7407A2A675F2A5A40e39B09C872360F3e571',
  '0x1a01339B51Bd7302CdD32064f17415F09f348003',
  '0x7f810384E5649034D9252329f91DaBB028090Ce1',
  '0x12A56cCde2c6fD55E17a784D9CA08D00DAA8667A',
  '0xaBD4f2AFB57a7c8b378AB619274Cb9C849E55e7b',
  '0x21AF2697a9912a21687d57Ae29D371B767Bdc6bF',
  '0xDB998FB07518815828200F6C8D79eb40B2F982cB',
  '0x1ceAd3374A856061be00F5c6d2A035eEDf1c3c76',
  '0xEEff483b297016938400575043752A2d10d7579A',
  '0x4aBe8e29fCfF74e6B2054920B2da21FE2940887b',
  '0xE1C9D483d68FF3CFB64d686320952D8BCE903AF8',
  '0x31500Ba0C44f5DA8Ec9A9a58cc6e075ac9582D6C',
  '0x6e69e29CdAE9E82a9ABc8A8d8b7953D8d8e4D6A5',
  '0xd9efE49C066968Ac203487a3215f0c064D520050',
  '0x2067BEd542762D26E2755Ce7d8776728F3429f48',
  '0xc962Ba9a1a45B79C1228636db5a6eFA4a4b75D76',
  '0xf18D7d82CB26B73463085949051Ecc3572ED8b1c',
  '0x91C08C6B34dF3E8B7f17Bdb0BF270DE218eafAE6',
  '0x12e16b4488068572071D6C8B7933e99d2CE8Baa0',
  '0xffaa1206B12710EDF3E619b64AA8a652d6b0667d',
  '0x8fCA06C5dEcC412DD21e19F87E90EA203ae84cF7',
  '0x3269250D335183f7238cDE8f10B114bC4c0c9fae',
  '0x2407Ae4297D548CFFd44b34048Bd835f486F5135',
  '0x9B6F20E0ea7a409A31E3595210c4CCBceFa95Fe5',
  '0xde36f5343c0da625E846f93F851cCF002F36237E',
  '0xc1c560f37CcDEa19A2da80e8Ea656AC724Ef49f1',
  '0x655C7eAdf9360603CB5077D8Dc57Fa07bCF61D55',
  '0x77B4D90772D317f1be4Ab3cd23e6a0cec75F2351',
  '0xC4839C439A8646A64c7CE5A7Da008A5d0062D4BC',
  '0x291B40D05D5E5c72a5a5C0DF168B12b6f45fCC1e',
  '0x176b554baFC860EC118E39685322ae1643A2Db1F',
  '0xD6a58fF955128C270ca98Fd989621cf098b8649F',
  '0x8cB1F920e437791A97443cC81b62476120D30e40',
  '0x8a90c38Bc1396d2f658a1dCbAcDBD9cab78B6c11',
  '0xea77919951B2c331FBE849b2f2Be9D6fa92A1d9d',
  '0xa3783253Bd1A9A3cF2cd62AB9CDF421F54c6e224',
  '0x5e87b43f8077F53FE5fB998A97ffacd299267323',
  '0xe9061044E736eD90dBe99220E9718B18cd3E0f88',
  '0x09211Fa6FB3944Ba24162462Ae7Cc860Af97Ff39',
  '0xecA882093a6d319C8DaE679cD7610196a26e4777',
  '0x50930dE6723BC97A051a2201e48c5Ce5a9Cafe86',
  '0xfd97b288ddD0012BD95FFED61b16d1c80eF4E6c3',
  '0x9e851437232dA62270275E1255325d210c5Dd4a9',
  '0x08B14BF37A80dd26EBeFFdbc6de933682CAa3Ba4',
  '0xAadD50a6d3034B2B7ab58EFeA069B7EE8f6f9b6F',
  '0xa2165c20395F602B1bd91a6f311858386531ea93',
  '0x744f617343F03bB7C9d52A6D84F87Aa4b1017fAc',
  '0xDcde457fD95823F6cE08a6257815408a6A91B545',
  '0x27619fb128B32Aa6384e0ca79f96Fbd5C3EA0E2d',
  '0xE37c67143f377A3bc8F9bD9dC15E987f865D7172',
  '0x5E792b981Dabc144828330565C481FD3B4701C16',
  '0xE3F812a1069601DE315c0d1C99F9BD843749198B',
  '0x371544578E550be7B5Efa4cc186B5457bFC507FB',
  '0x66a204D402e14C5B7B5Bf9b6D8f2C4C34353A3CD',
  '0xdce673f13d5AA11c7089C99b7342580108Af2D25',
  '0xb2f129f563Bc35d2b87A2E21506FFad212021a97',
  '0x4Fc7ffb529C2022a808552b28f70C0aA471A5B2C',
  '0xba701FE1F2c79487A24E31836c403c8D679A368E',
  '0xC7FB218C3743EFcCd65Bf9b6D0907dE5A8930e35',
  '0x8DE3c3891268502F77DB7E876d727257DEc0F852',
  '0x8457D86624149d1a8B7a781d5482e3d89f809857',
  '0x80B09d3730F9FD606138F0b4fDE7622e31082e66',
  '0xEf0391ccbebf15fc84334D9630255093754cDAAB'
]